<?xml version="1.0" encoding="UTF-8"?>
<testsuites name="TS-1" time="51.916" tests="2" failures="0" errors="1">
   <testsuite name="TS-1" tests="2" failures="0" errors="1" time="51.916" skipped="0" timestamp="2023-07-07 14:42:27" hostname="LENOVO - DESKTOP-VNCT3MF.mshome.net" id="Test Suites/TS-1">
      <properties>
         <property name="deviceName" value=""/>
         <property name="devicePlatform" value=""/>
         <property name="logFolder" value="C:\\Users\\LENOVO\\Katalon Studio\\Excample-Web\\Reports\\20230707_144208\\TS-1\\20230707_144208"/>
         <property name="logFiles" value="C:\\Users\\LENOVO\\Katalon Studio\\Excample-Web\\Reports\\20230707_144208\\TS-1\\20230707_144208\\execution0.log"/>
         <property name="attachments" value=""/>
         <property name="hostName" value="LENOVO - DESKTOP-VNCT3MF.mshome.net"/>
         <property name="os" value="Windows 10 64bit"/>
         <property name="katalonVersion" value="8.3.0.208"/>
         <property name="browser" value="Chrome 114.0.0.0"/>
         <property name="hostAddress" value="172.27.32.1"/>
         <property name="sessionId" value="9dc81c3607f41e2a31e9880a95723068"/>
         <property name="seleniumVersion" value="3.141.59"/>
         <property name="proxyInformation" value="ProxyInformation { proxyOption=NO_PROXY, proxyServerType=HTTP, username=, password=********, proxyServerAddress=, proxyServerPort=0, executionList=&quot;&quot;, isApplyToDesiredCapabilities=true }"/>
         <property name="platform" value="Windows 10"/>
      </properties>
      <testcase name="Test Cases/Auth-1" time="10.539" classname="Test Cases/Auth-1" status="ERROR">
         <error type="ERROR" message="Test Cases/Auth-1 FAILED.
Reason:
groovy.lang.MissingMethodException: No signature of method: static com.kms.katalon.core.webui.keyword.WebUiBuiltInKeywords.maximizeWindow() is applicable for argument types: (java.lang.String) values: []
Possible solutions: maximizeWindow(), maximizeWindow(com.kms.katalon.core.model.FailureHandling)
	at Auth-1.run(Auth-1:22)
	at com.kms.katalon.core.main.ScriptEngine.run(ScriptEngine.java:194)
	at com.kms.katalon.core.main.ScriptEngine.runScriptAsRawText(ScriptEngine.java:119)
	at com.kms.katalon.core.main.TestCaseExecutor.runScript(TestCaseExecutor.java:445)
	at com.kms.katalon.core.main.TestCaseExecutor.doExecute(TestCaseExecutor.java:436)
	at com.kms.katalon.core.main.TestCaseExecutor.processExecutionPhase(TestCaseExecutor.java:415)
	at com.kms.katalon.core.main.TestCaseExecutor.accessMainPhase(TestCaseExecutor.java:407)
	at com.kms.katalon.core.main.TestCaseExecutor.execute(TestCaseExecutor.java:284)
	at com.kms.katalon.core.common.CommonExecutor.accessTestCaseMainPhase(CommonExecutor.java:65)
	at com.kms.katalon.core.main.TestSuiteExecutor.accessTestSuiteMainPhase(TestSuiteExecutor.java:144)
	at com.kms.katalon.core.main.TestSuiteExecutor.execute(TestSuiteExecutor.java:106)
	at com.kms.katalon.core.main.TestCaseMain.startTestSuite(TestCaseMain.java:185)
	at com.kms.katalon.core.main.TestCaseMain$startTestSuite$0.call(Unknown Source)
	at TempTestSuite1688715728976.run(TempTestSuite1688715728976.groovy:36)
"/>
         <system-out><![CDATA[2023-07-07 14:42:28 - [TEST_CASE][ERROR] - Test Cases/Auth-1: Test Cases/Auth-1 FAILED.
Reason:
groovy.lang.MissingMethodException: No signature of method: static com.kms.katalon.core.webui.keyword.WebUiBuiltInKeywords.maximizeWindow() is applicable for argument types: (java.lang.String) values: []
Possible solutions: maximizeWindow(), maximizeWindow(com.kms.katalon.core.model.FailureHandling)
	at Auth-1.run(Auth-1:22)
	at com.kms.katalon.core.main.ScriptEngine.run(ScriptEngine.java:194)
	at com.kms.katalon.core.main.ScriptEngine.runScriptAsRawText(ScriptEngine.java:119)
	at com.kms.katalon.core.main.TestCaseExecutor.runScript(TestCaseExecutor.java:445)
	at com.kms.katalon.core.main.TestCaseExecutor.doExecute(TestCaseExecutor.java:436)
	at com.kms.katalon.core.main.TestCaseExecutor.processExecutionPhase(TestCaseExecutor.java:415)
	at com.kms.katalon.core.main.TestCaseExecutor.accessMainPhase(TestCaseExecutor.java:407)
	at com.kms.katalon.core.main.TestCaseExecutor.execute(TestCaseExecutor.java:284)
	at com.kms.katalon.core.common.CommonExecutor.accessTestCaseMainPhase(CommonExecutor.java:65)
	at com.kms.katalon.core.main.TestSuiteExecutor.accessTestSuiteMainPhase(TestSuiteExecutor.java:144)
	at com.kms.katalon.core.main.TestSuiteExecutor.execute(TestSuiteExecutor.java:106)
	at com.kms.katalon.core.main.TestCaseMain.startTestSuite(TestCaseMain.java:185)
	at com.kms.katalon.core.main.TestCaseMain$startTestSuite$0.call(Unknown Source)
	at TempTestSuite1688715728976.run(TempTestSuite1688715728976.groovy:36)


2023-07-07 14:42:30 - [TEST_STEP][PASSED] - openBrowser(""): Browser is opened with url: ''

2023-07-07 14:42:31 - [MESSAGE][INFO] - Starting 'Chrome' driver

2023-07-07 14:42:32 - [MESSAGE][INFO] - Action delay is set to 0 milliseconds

2023-07-07 14:42:38 - [MESSAGE][PASSED] - Browser is opened with url: ''

2023-07-07 14:42:38 - [TEST_STEP][ERROR] - maximizeWindow(""): Test Cases/Auth-1 FAILED.
Reason:
groovy.lang.MissingMethodException: No signature of method: static com.kms.katalon.core.webui.keyword.WebUiBuiltInKeywords.maximizeWindow() is applicable for argument types: (java.lang.String) values: []
Possible solutions: maximizeWindow(), maximizeWindow(com.kms.katalon.core.model.FailureHandling)
	at Auth-1.run(Auth-1:22)
	at com.kms.katalon.core.main.ScriptEngine.run(ScriptEngine.java:194)
	at com.kms.katalon.core.main.ScriptEngine.runScriptAsRawText(ScriptEngine.java:119)
	at com.kms.katalon.core.main.TestCaseExecutor.runScript(TestCaseExecutor.java:445)
	at com.kms.katalon.core.main.TestCaseExecutor.doExecute(TestCaseExecutor.java:436)
	at com.kms.katalon.core.main.TestCaseExecutor.processExecutionPhase(TestCaseExecutor.java:415)
	at com.kms.katalon.core.main.TestCaseExecutor.accessMainPhase(TestCaseExecutor.java:407)
	at com.kms.katalon.core.main.TestCaseExecutor.execute(TestCaseExecutor.java:284)
	at com.kms.katalon.core.common.CommonExecutor.accessTestCaseMainPhase(CommonExecutor.java:65)
	at com.kms.katalon.core.main.TestSuiteExecutor.accessTestSuiteMainPhase(TestSuiteExecutor.java:144)
	at com.kms.katalon.core.main.TestSuiteExecutor.execute(TestSuiteExecutor.java:106)
	at com.kms.katalon.core.main.TestCaseMain.startTestSuite(TestCaseMain.java:185)
	at com.kms.katalon.core.main.TestCaseMain$startTestSuite$0.call(Unknown Source)
	at TempTestSuite1688715728976.run(TempTestSuite1688715728976.groovy:36)


2023-07-07 14:42:38 - [MESSAGE][ERROR] - Test Cases/Auth-1 FAILED.
Reason:
groovy.lang.MissingMethodException: No signature of method: static com.kms.katalon.core.webui.keyword.WebUiBuiltInKeywords.maximizeWindow() is applicable for argument types: (java.lang.String) values: []
Possible solutions: maximizeWindow(), maximizeWindow(com.kms.katalon.core.model.FailureHandling)
	at Auth-1.run(Auth-1:22)
	at com.kms.katalon.core.main.ScriptEngine.run(ScriptEngine.java:194)
	at com.kms.katalon.core.main.ScriptEngine.runScriptAsRawText(ScriptEngine.java:119)
	at com.kms.katalon.core.main.TestCaseExecutor.runScript(TestCaseExecutor.java:445)
	at com.kms.katalon.core.main.TestCaseExecutor.doExecute(TestCaseExecutor.java:436)
	at com.kms.katalon.core.main.TestCaseExecutor.processExecutionPhase(TestCaseExecutor.java:415)
	at com.kms.katalon.core.main.TestCaseExecutor.accessMainPhase(TestCaseExecutor.java:407)
	at com.kms.katalon.core.main.TestCaseExecutor.execute(TestCaseExecutor.java:284)
	at com.kms.katalon.core.common.CommonExecutor.accessTestCaseMainPhase(CommonExecutor.java:65)
	at com.kms.katalon.core.main.TestSuiteExecutor.accessTestSuiteMainPhase(TestSuiteExecutor.java:144)
	at com.kms.katalon.core.main.TestSuiteExecutor.execute(TestSuiteExecutor.java:106)
	at com.kms.katalon.core.main.TestCaseMain.startTestSuite(TestCaseMain.java:185)
	at com.kms.katalon.core.main.TestCaseMain$startTestSuite$0.call(Unknown Source)
	at TempTestSuite1688715728976.run(TempTestSuite1688715728976.groovy:36)]]></system-out>
         <system-err><![CDATA[2023-07-07 14:42:28 - [TEST_CASE][ERROR] - Test Cases/Auth-1: Test Cases/Auth-1 FAILED.
Reason:
groovy.lang.MissingMethodException: No signature of method: static com.kms.katalon.core.webui.keyword.WebUiBuiltInKeywords.maximizeWindow() is applicable for argument types: (java.lang.String) values: []
Possible solutions: maximizeWindow(), maximizeWindow(com.kms.katalon.core.model.FailureHandling)
	at Auth-1.run(Auth-1:22)
	at com.kms.katalon.core.main.ScriptEngine.run(ScriptEngine.java:194)
	at com.kms.katalon.core.main.ScriptEngine.runScriptAsRawText(ScriptEngine.java:119)
	at com.kms.katalon.core.main.TestCaseExecutor.runScript(TestCaseExecutor.java:445)
	at com.kms.katalon.core.main.TestCaseExecutor.doExecute(TestCaseExecutor.java:436)
	at com.kms.katalon.core.main.TestCaseExecutor.processExecutionPhase(TestCaseExecutor.java:415)
	at com.kms.katalon.core.main.TestCaseExecutor.accessMainPhase(TestCaseExecutor.java:407)
	at com.kms.katalon.core.main.TestCaseExecutor.execute(TestCaseExecutor.java:284)
	at com.kms.katalon.core.common.CommonExecutor.accessTestCaseMainPhase(CommonExecutor.java:65)
	at com.kms.katalon.core.main.TestSuiteExecutor.accessTestSuiteMainPhase(TestSuiteExecutor.java:144)
	at com.kms.katalon.core.main.TestSuiteExecutor.execute(TestSuiteExecutor.java:106)
	at com.kms.katalon.core.main.TestCaseMain.startTestSuite(TestCaseMain.java:185)
	at com.kms.katalon.core.main.TestCaseMain$startTestSuite$0.call(Unknown Source)
	at TempTestSuite1688715728976.run(TempTestSuite1688715728976.groovy:36)]]></system-err>
      </testcase>
      <testcase name="Test Cases/Login1" time="40.257" classname="Test Cases/Login1" status="PASSED">
         <system-out><![CDATA[2023-07-07 14:42:39 - [TEST_CASE][PASSED] - Test Cases/Login1: Test Cases/Login1

2023-07-07 14:42:40 - [TEST_STEP][PASSED] - openBrowser(""): Browser is opened with url: ''

2023-07-07 14:42:41 - [MESSAGE][WARNING] - A browser is already opened. Closing browser and opening a new one

2023-07-07 14:42:55 - [MESSAGE][INFO] - Starting 'Chrome' driver

2023-07-07 14:42:55 - [MESSAGE][INFO] - Action delay is set to 0 milliseconds

2023-07-07 14:42:59 - [MESSAGE][PASSED] - Browser is opened with url: ''

2023-07-07 14:42:59 - [TEST_STEP][PASSED] - maximizeWindow(): Current window maximized

2023-07-07 14:43:00 - [MESSAGE][PASSED] - Current window maximized

2023-07-07 14:43:00 - [TEST_STEP][PASSED] - navigateToUrl("https://medeasy-web-staging.qbit.co.id/"): Navigate to 'https://medeasy-web-staging.qbit.co.id/' successfully

2023-07-07 14:43:09 - [MESSAGE][PASSED] - Navigate to 'https://medeasy-web-staging.qbit.co.id/' successfully

2023-07-07 14:43:09 - [TEST_STEP][PASSED] - click(findTestObject("Object Repository/Page_Medeasy/button_Sign In")): Object: 'Object Repository/Page_Medeasy/button_Sign In' is clicked on

2023-07-07 14:43:10 - [MESSAGE][PASSED] - Object: 'Object Repository/Page_Medeasy/button_Sign In' is clicked on

2023-07-07 14:43:10 - [TEST_STEP][PASSED] - click(findTestObject("Object Repository/Page_Medeasy/button_Sign in as Doctor")): Object: 'Object Repository/Page_Medeasy/button_Sign in as Doctor' is clicked on

2023-07-07 14:43:12 - [MESSAGE][PASSED] - Object: 'Object Repository/Page_Medeasy/button_Sign in as Doctor' is clicked on

2023-07-07 14:43:12 - [TEST_STEP][PASSED] - setText(findTestObject("Object Repository/Page_Medeasy/input_Input Phone Number and we will send t_c2aaf5"), "1234567891"): Text '1234567891' is set on object 'Object Repository/Page_Medeasy/input_Input Phone Number and we will send t_c2aaf5'

2023-07-07 14:43:13 - [MESSAGE][PASSED] - Text '1234567891' is set on object 'Object Repository/Page_Medeasy/input_Input Phone Number and we will send t_c2aaf5'

2023-07-07 14:43:13 - [TEST_STEP][PASSED] - click(findTestObject("Object Repository/Page_Medeasy/button_Next")): Object: 'Object Repository/Page_Medeasy/button_Next' is clicked on

2023-07-07 14:43:14 - [MESSAGE][PASSED] - Object: 'Object Repository/Page_Medeasy/button_Next' is clicked on

2023-07-07 14:43:14 - [TEST_STEP][PASSED] - click(findTestObject("Object Repository/Page_Medeasy/button_Confirm")): Object: 'Object Repository/Page_Medeasy/button_Confirm' is clicked on

2023-07-07 14:43:15 - [MESSAGE][PASSED] - Object: 'Object Repository/Page_Medeasy/button_Confirm' is clicked on

2023-07-07 14:43:15 - [TEST_STEP][PASSED] - click(findTestObject("Object Repository/Page_Medeasy/p_Hi, Reza W Daknantya")): Object: 'Object Repository/Page_Medeasy/p_Hi, Reza W Daknantya' is clicked on

2023-07-07 14:43:18 - [MESSAGE][PASSED] - Object: 'Object Repository/Page_Medeasy/p_Hi, Reza W Daknantya' is clicked on

2023-07-07 14:43:18 - [TEST_STEP][PASSED] - closeBrowser(): Browser is closed

2023-07-07 14:43:19 - [MESSAGE][PASSED] - Browser is closed]]></system-out>
         <system-err><![CDATA[]]></system-err>
      </testcase>
      <system-out><![CDATA[2023-07-07 14:42:27 - [TEST_SUITE][ERROR] - TS-1: Test Cases/Auth-1 FAILED.
Reason:
groovy.lang.MissingMethodException: No signature of method: static com.kms.katalon.core.webui.keyword.WebUiBuiltInKeywords.maximizeWindow() is applicable for argument types: (java.lang.String) values: []
Possible solutions: maximizeWindow(), maximizeWindow(com.kms.katalon.core.model.FailureHandling)
	at Auth-1.run(Auth-1:22)
	at com.kms.katalon.core.main.ScriptEngine.run(ScriptEngine.java:194)
	at com.kms.katalon.core.main.ScriptEngine.runScriptAsRawText(ScriptEngine.java:119)
	at com.kms.katalon.core.main.TestCaseExecutor.runScript(TestCaseExecutor.java:445)
	at com.kms.katalon.core.main.TestCaseExecutor.doExecute(TestCaseExecutor.java:436)
	at com.kms.katalon.core.main.TestCaseExecutor.processExecutionPhase(TestCaseExecutor.java:415)
	at com.kms.katalon.core.main.TestCaseExecutor.accessMainPhase(TestCaseExecutor.java:407)
	at com.kms.katalon.core.main.TestCaseExecutor.execute(TestCaseExecutor.java:284)
	at com.kms.katalon.core.common.CommonExecutor.accessTestCaseMainPhase(CommonExecutor.java:65)
	at com.kms.katalon.core.main.TestSuiteExecutor.accessTestSuiteMainPhase(TestSuiteExecutor.java:144)
	at com.kms.katalon.core.main.TestSuiteExecutor.execute(TestSuiteExecutor.java:106)
	at com.kms.katalon.core.main.TestCaseMain.startTestSuite(TestCaseMain.java:185)
	at com.kms.katalon.core.main.TestCaseMain$startTestSuite$0.call(Unknown Source)
	at TempTestSuite1688715728976.run(TempTestSuite1688715728976.groovy:36)]]></system-out>
      <system-err><![CDATA[2023-07-07 14:42:27 - [TEST_SUITE][ERROR] - TS-1: Test Cases/Auth-1 FAILED.
Reason:
groovy.lang.MissingMethodException: No signature of method: static com.kms.katalon.core.webui.keyword.WebUiBuiltInKeywords.maximizeWindow() is applicable for argument types: (java.lang.String) values: []
Possible solutions: maximizeWindow(), maximizeWindow(com.kms.katalon.core.model.FailureHandling)
	at Auth-1.run(Auth-1:22)
	at com.kms.katalon.core.main.ScriptEngine.run(ScriptEngine.java:194)
	at com.kms.katalon.core.main.ScriptEngine.runScriptAsRawText(ScriptEngine.java:119)
	at com.kms.katalon.core.main.TestCaseExecutor.runScript(TestCaseExecutor.java:445)
	at com.kms.katalon.core.main.TestCaseExecutor.doExecute(TestCaseExecutor.java:436)
	at com.kms.katalon.core.main.TestCaseExecutor.processExecutionPhase(TestCaseExecutor.java:415)
	at com.kms.katalon.core.main.TestCaseExecutor.accessMainPhase(TestCaseExecutor.java:407)
	at com.kms.katalon.core.main.TestCaseExecutor.execute(TestCaseExecutor.java:284)
	at com.kms.katalon.core.common.CommonExecutor.accessTestCaseMainPhase(CommonExecutor.java:65)
	at com.kms.katalon.core.main.TestSuiteExecutor.accessTestSuiteMainPhase(TestSuiteExecutor.java:144)
	at com.kms.katalon.core.main.TestSuiteExecutor.execute(TestSuiteExecutor.java:106)
	at com.kms.katalon.core.main.TestCaseMain.startTestSuite(TestCaseMain.java:185)
	at com.kms.katalon.core.main.TestCaseMain$startTestSuite$0.call(Unknown Source)
	at TempTestSuite1688715728976.run(TempTestSuite1688715728976.groovy:36)]]></system-err>
   </testsuite>
</testsuites>
